<?xml version="1.0" encoding="UTF-8"?>
<testsuite name="com.greencommute.organizationservice.service.OrganisationServiceImplTest" tests="3" skipped="0" failures="0" errors="0" timestamp="2022-03-27T11:43:29" hostname="DQNTJM3" time="0.088">
  <properties/>
  <testcase name="findAll()" classname="com.greencommute.organizationservice.service.OrganisationServiceImplTest" time="0.065"/>
  <testcase name="findById()" classname="com.greencommute.organizationservice.service.OrganisationServiceImplTest" time="0.009"/>
  <testcase name="findByCity()" classname="com.greencommute.organizationservice.service.OrganisationServiceImplTest" time="0.009"/>
  <system-out><![CDATA[2022-03-27 17:13:29.698  INFO 183254 --- [    Test worker] o.s.t.c.s.DefaultTestContextBootstrapper : Neither @ContextConfiguration nor @ContextHierarchy found for test class [com.greencommute.organizationservice.service.OrganisationServiceImplTest], using DelegatingSmartContextLoader
2022-03-27 17:13:29.700  INFO 183254 --- [    Test worker] o.s.t.c.support.AbstractContextLoader    : Could not detect default resource locations for test class [com.greencommute.organizationservice.service.OrganisationServiceImplTest]: no resource found for suffixes {-context.xml}.
2022-03-27 17:13:29.703  INFO 183254 --- [    Test worker] c.s.AbstractDelegatingSmartContextLoader : AnnotationConfigContextLoader detected default configuration classes for context configuration [ContextConfigurationAttributes@a457c2b declaringClass = 'com.greencommute.organizationservice.service.OrganisationServiceImplTest', classes = '{class com.greencommute.organizationservice.service.OrganisationServiceImplTest$JobPostServiceImplTestContextConfiguration}', locations = '{}', inheritLocations = false, initializers = '{}', inheritInitializers = true, name = [null], contextLoaderClass = 'org.springframework.test.context.ContextLoader'].
2022-03-27 17:13:29.706  INFO 183254 --- [    Test worker] o.s.t.c.s.DefaultTestContextBootstrapper : Loaded default TestExecutionListener class names from location [META-INF/spring.factories]: [org.springframework.boot.test.autoconfigure.restdocs.RestDocsTestExecutionListener, org.springframework.boot.test.autoconfigure.web.client.MockRestServiceServerResetTestExecutionListener, org.springframework.boot.test.autoconfigure.web.servlet.MockMvcPrintOnlyOnFailureTestExecutionListener, org.springframework.boot.test.autoconfigure.web.servlet.WebDriverTestExecutionListener, org.springframework.boot.test.autoconfigure.webservices.client.MockWebServiceServerTestExecutionListener, org.springframework.boot.test.mock.mockito.MockitoTestExecutionListener, org.springframework.boot.test.mock.mockito.ResetMocksTestExecutionListener, org.springframework.test.context.web.ServletTestExecutionListener, org.springframework.test.context.support.DirtiesContextBeforeModesTestExecutionListener, org.springframework.test.context.event.ApplicationEventsTestExecutionListener, org.springframework.test.context.support.DependencyInjectionTestExecutionListener, org.springframework.test.context.support.DirtiesContextTestExecutionListener, org.springframework.test.context.transaction.TransactionalTestExecutionListener, org.springframework.test.context.jdbc.SqlScriptsTestExecutionListener, org.springframework.test.context.event.EventPublishingTestExecutionListener]
2022-03-27 17:13:29.707  INFO 183254 --- [    Test worker] o.s.t.c.s.DefaultTestContextBootstrapper : Using TestExecutionListeners: [org.springframework.test.context.web.ServletTestExecutionListener@58164e9a, org.springframework.test.context.support.DirtiesContextBeforeModesTestExecutionListener@11bfffb3, org.springframework.test.context.event.ApplicationEventsTestExecutionListener@6a7a1a0d, org.springframework.boot.test.mock.mockito.MockitoTestExecutionListener@1c6e3ff9, org.springframework.test.context.support.DependencyInjectionTestExecutionListener@76e6c070, org.springframework.test.context.support.DirtiesContextTestExecutionListener@184afb78, org.springframework.test.context.transaction.TransactionalTestExecutionListener@22da200e, org.springframework.test.context.jdbc.SqlScriptsTestExecutionListener@4f26425b, org.springframework.test.context.event.EventPublishingTestExecutionListener@f03ee8f, org.springframework.boot.test.autoconfigure.restdocs.RestDocsTestExecutionListener@40dd552c, org.springframework.boot.test.autoconfigure.web.client.MockRestServiceServerResetTestExecutionListener@33f4c769, org.springframework.boot.test.autoconfigure.web.servlet.MockMvcPrintOnlyOnFailureTestExecutionListener@4ebd6fd6, org.springframework.boot.test.autoconfigure.web.servlet.WebDriverTestExecutionListener@5e5a8718, org.springframework.boot.test.autoconfigure.webservices.client.MockWebServiceServerTestExecutionListener@7404ddca, org.springframework.boot.test.mock.mockito.ResetMocksTestExecutionListener@615e83ac]
]]></system-out>
  <system-err><![CDATA[]]></system-err>
</testsuite>
