<?xml version="1.0" encoding="UTF-8"?>
<testsuite name="com.greencommute.organizationservice.controller.OrganisationControllerTest" tests="2" skipped="0" failures="0" errors="0" timestamp="2022-03-27T11:43:29" hostname="DQNTJM3" time="0.43">
  <properties/>
  <testcase name="getOrganisationById()" classname="com.greencommute.organizationservice.controller.OrganisationControllerTest" time="0.382"/>
  <testcase name="getOrganisation()" classname="com.greencommute.organizationservice.controller.OrganisationControllerTest" time="0.044"/>
  <system-out><![CDATA[17:13:24.485 [Test worker] DEBUG org.springframework.test.context.BootstrapUtils - Instantiating CacheAwareContextLoaderDelegate from class [org.springframework.test.context.cache.DefaultCacheAwareContextLoaderDelegate]
17:13:24.508 [Test worker] DEBUG org.springframework.test.context.BootstrapUtils - Instantiating BootstrapContext using constructor [public org.springframework.test.context.support.DefaultBootstrapContext(java.lang.Class,org.springframework.test.context.CacheAwareContextLoaderDelegate)]
17:13:24.589 [Test worker] DEBUG org.springframework.test.context.BootstrapUtils - Instantiating TestContextBootstrapper for test class [com.greencommute.organizationservice.controller.OrganisationControllerTest] from class [org.springframework.boot.test.autoconfigure.web.servlet.WebMvcTestContextBootstrapper]
17:13:24.613 [Test worker] INFO org.springframework.boot.test.autoconfigure.web.servlet.WebMvcTestContextBootstrapper - Neither @ContextConfiguration nor @ContextHierarchy found for test class [com.greencommute.organizationservice.controller.OrganisationControllerTest], using SpringBootContextLoader
17:13:24.639 [Test worker] DEBUG org.springframework.test.context.support.AbstractContextLoader - Did not detect default resource location for test class [com.greencommute.organizationservice.controller.OrganisationControllerTest]: class path resource [com/greencommute/organizationservice/controller/OrganisationControllerTest-context.xml] does not exist
17:13:24.641 [Test worker] DEBUG org.springframework.test.context.support.AbstractContextLoader - Did not detect default resource location for test class [com.greencommute.organizationservice.controller.OrganisationControllerTest]: class path resource [com/greencommute/organizationservice/controller/OrganisationControllerTestContext.groovy] does not exist
17:13:24.642 [Test worker] INFO org.springframework.test.context.support.AbstractContextLoader - Could not detect default resource locations for test class [com.greencommute.organizationservice.controller.OrganisationControllerTest]: no resource found for suffixes {-context.xml, Context.groovy}.
17:13:24.644 [Test worker] INFO org.springframework.test.context.support.AnnotationConfigContextLoaderUtils - Could not detect default configuration classes for test class [com.greencommute.organizationservice.controller.OrganisationControllerTest]: OrganisationControllerTest does not declare any static, non-private, non-final, nested classes annotated with @Configuration.
17:13:24.780 [Test worker] DEBUG org.springframework.test.context.support.ActiveProfilesUtils - Could not find an 'annotation declaring class' for annotation type [org.springframework.test.context.ActiveProfiles] and class [com.greencommute.organizationservice.controller.OrganisationControllerTest]
17:13:24.891 [Test worker] DEBUG org.springframework.context.annotation.ClassPathScanningCandidateComponentProvider - Identified candidate component class: file [/home/praves/new6/devops-bootcamp-jan22/organizationService/build/classes/java/main/com/greencommute/organizationservice/OrganizationServiceApplication.class]
17:13:24.893 [Test worker] INFO org.springframework.boot.test.context.SpringBootTestContextBootstrapper - Found @SpringBootConfiguration com.greencommute.organizationservice.OrganizationServiceApplication for test class com.greencommute.organizationservice.controller.OrganisationControllerTest
17:13:24.900 [Test worker] DEBUG org.springframework.boot.test.autoconfigure.web.servlet.WebMvcTestContextBootstrapper - @TestExecutionListeners is not present for class [com.greencommute.organizationservice.controller.OrganisationControllerTest]: using defaults.
17:13:24.901 [Test worker] INFO org.springframework.boot.test.autoconfigure.web.servlet.WebMvcTestContextBootstrapper - Loaded default TestExecutionListener class names from location [META-INF/spring.factories]: [org.springframework.boot.test.autoconfigure.restdocs.RestDocsTestExecutionListener, org.springframework.boot.test.autoconfigure.web.client.MockRestServiceServerResetTestExecutionListener, org.springframework.boot.test.autoconfigure.web.servlet.MockMvcPrintOnlyOnFailureTestExecutionListener, org.springframework.boot.test.autoconfigure.web.servlet.WebDriverTestExecutionListener, org.springframework.boot.test.autoconfigure.webservices.client.MockWebServiceServerTestExecutionListener, org.springframework.boot.test.mock.mockito.MockitoTestExecutionListener, org.springframework.boot.test.mock.mockito.ResetMocksTestExecutionListener, org.springframework.test.context.web.ServletTestExecutionListener, org.springframework.test.context.support.DirtiesContextBeforeModesTestExecutionListener, org.springframework.test.context.event.ApplicationEventsTestExecutionListener, org.springframework.test.context.support.DependencyInjectionTestExecutionListener, org.springframework.test.context.support.DirtiesContextTestExecutionListener, org.springframework.test.context.transaction.TransactionalTestExecutionListener, org.springframework.test.context.jdbc.SqlScriptsTestExecutionListener, org.springframework.test.context.event.EventPublishingTestExecutionListener]
17:13:24.926 [Test worker] INFO org.springframework.boot.test.autoconfigure.web.servlet.WebMvcTestContextBootstrapper - Using TestExecutionListeners: [org.springframework.test.context.web.ServletTestExecutionListener@85e6769, org.springframework.test.context.support.DirtiesContextBeforeModesTestExecutionListener@c5ee75e, org.springframework.test.context.event.ApplicationEventsTestExecutionListener@48a12036, org.springframework.boot.test.mock.mockito.MockitoTestExecutionListener@bf1ec20, org.springframework.boot.test.autoconfigure.SpringBootDependencyInjectionTestExecutionListener@70efb718, org.springframework.test.context.support.DirtiesContextTestExecutionListener@b70da4c, org.springframework.test.context.transaction.TransactionalTestExecutionListener@4a11eb84, org.springframework.test.context.jdbc.SqlScriptsTestExecutionListener@4e858e0a, org.springframework.test.context.event.EventPublishingTestExecutionListener@435fb7b5, org.springframework.boot.test.autoconfigure.restdocs.RestDocsTestExecutionListener@4e70a728, org.springframework.boot.test.autoconfigure.web.client.MockRestServiceServerResetTestExecutionListener@b7838a9, org.springframework.boot.test.autoconfigure.web.servlet.MockMvcPrintOnlyOnFailureTestExecutionListener@696f0212, org.springframework.boot.test.autoconfigure.web.servlet.WebDriverTestExecutionListener@5733f295, org.springframework.boot.test.autoconfigure.webservices.client.MockWebServiceServerTestExecutionListener@1c3146bc, org.springframework.boot.test.mock.mockito.ResetMocksTestExecutionListener@56c698e3]
17:13:24.934 [Test worker] DEBUG org.springframework.test.context.support.AbstractDirtiesContextTestExecutionListener - Before test class: context [DefaultTestContext@3e14c16d testClass = OrganisationControllerTest, testInstance = [null], testMethod = [null], testException = [null], mergedContextConfiguration = [WebMergedContextConfiguration@3c989952 testClass = OrganisationControllerTest, locations = '{}', classes = '{class com.greencommute.organizationservice.OrganizationServiceApplication}', contextInitializerClasses = '[]', activeProfiles = '{}', propertySourceLocations = '{}', propertySourceProperties = '{org.springframework.boot.test.autoconfigure.web.servlet.WebMvcTestContextBootstrapper=true}', contextCustomizers = set[org.springframework.boot.test.autoconfigure.OverrideAutoConfigurationContextCustomizerFactory$DisableAutoConfigurationContextCustomizer@6581dc0a, org.springframework.boot.test.autoconfigure.actuate.metrics.MetricsExportContextCustomizerFactory$DisableMetricExportContextCustomizer@77128536, org.springframework.boot.test.autoconfigure.filter.TypeExcludeFiltersContextCustomizer@11faecb4, org.springframework.boot.test.autoconfigure.properties.PropertyMappingContextCustomizer@65e0a25, org.springframework.boot.test.autoconfigure.web.servlet.WebDriverContextCustomizerFactory$Customizer@a87f8ec, [ImportsContextCustomizer@784b990c key = [org.springframework.boot.autoconfigure.cache.CacheAutoConfiguration, org.springframework.boot.autoconfigure.context.MessageSourceAutoConfiguration, org.springframework.boot.autoconfigure.data.web.SpringDataWebAutoConfiguration, org.springframework.boot.autoconfigure.freemarker.FreeMarkerAutoConfiguration, org.springframework.boot.autoconfigure.groovy.template.GroovyTemplateAutoConfiguration, org.springframework.boot.autoconfigure.gson.GsonAutoConfiguration, org.springframework.boot.autoconfigure.hateoas.HypermediaAutoConfiguration, org.springframework.boot.autoconfigure.http.HttpMessageConvertersAutoConfiguration, org.springframework.boot.autoconfigure.jackson.JacksonAutoConfiguration, org.springframework.boot.autoconfigure.jsonb.JsonbAutoConfiguration, org.springframework.boot.autoconfigure.mustache.MustacheAutoConfiguration, org.springframework.boot.autoconfigure.task.TaskExecutionAutoConfiguration, org.springframework.boot.autoconfigure.thymeleaf.ThymeleafAutoConfiguration, org.springframework.boot.autoconfigure.validation.ValidationAutoConfiguration, org.springframework.boot.autoconfigure.web.servlet.error.ErrorMvcAutoConfiguration, org.springframework.boot.autoconfigure.web.servlet.HttpEncodingAutoConfiguration, org.springframework.boot.autoconfigure.web.servlet.WebMvcAutoConfiguration, org.springframework.boot.test.autoconfigure.web.servlet.MockMvcAutoConfiguration, org.springframework.boot.test.autoconfigure.web.servlet.MockMvcWebClientAutoConfiguration, org.springframework.boot.test.autoconfigure.web.servlet.MockMvcWebDriverAutoConfiguration, org.springframework.boot.autoconfigure.security.oauth2.client.servlet.OAuth2ClientAutoConfiguration, org.springframework.boot.autoconfigure.security.oauth2.resource.servlet.OAuth2ResourceServerAutoConfiguration, org.springframework.boot.autoconfigure.security.servlet.SecurityAutoConfiguration, org.springframework.boot.autoconfigure.security.servlet.SecurityFilterAutoConfiguration, org.springframework.boot.autoconfigure.security.servlet.UserDetailsServiceAutoConfiguration, org.springframework.boot.test.autoconfigure.web.servlet.MockMvcSecurityConfiguration]], org.springframework.boot.test.context.filter.ExcludeFilterContextCustomizer@525575, org.springframework.boot.test.json.DuplicateJsonObjectContextCustomizerFactory$DuplicateJsonObjectContextCustomizer@78383390, org.springframework.boot.test.mock.mockito.MockitoContextCustomizer@a52869cb, org.springframework.boot.test.context.SpringBootTestArgs@1, org.springframework.boot.test.context.SpringBootTestWebEnvironment@0], resourceBasePath = 'src/main/webapp', contextLoader = 'org.springframework.boot.test.context.SpringBootContextLoader', parent = [null]], attributes = map[[empty]]], class annotated with @DirtiesContext [false] with mode [null].
17:13:25.005 [Test worker] DEBUG org.springframework.test.context.support.TestPropertySourceUtils - Adding inlined properties to environment: {spring.jmx.enabled=false, org.springframework.boot.test.autoconfigure.web.servlet.WebMvcTestContextBootstrapper=true}

  .   ____          _            __ _ _
 /\\ / ___'_ __ _ _(_)_ __  __ _ \ \ \ \
( ( )\___ | '_ | '_| | '_ \/ _` | \ \ \ \
 \\/  ___)| |_)| | | | | || (_| |  ) ) ) )
  '  |____| .__|_| |_|_| |_\__, | / / / /
 =========|_|==============|___/=/_/_/_/
 :: Spring Boot ::                (v2.4.2)

2022-03-27 17:13:25.683  INFO 183254 --- [    Test worker] c.g.o.c.OrganisationControllerTest       : Starting OrganisationControllerTest using Java 11.0.14 on DQNTJM3 with PID 183254 (started by praves in /home/praves/new6/devops-bootcamp-jan22/organizationService)
2022-03-27 17:13:25.692  INFO 183254 --- [    Test worker] c.g.o.c.OrganisationControllerTest       : No active profile set, falling back to default profiles: default
2022-03-27 17:13:28.433  INFO 183254 --- [    Test worker] o.s.s.concurrent.ThreadPoolTaskExecutor  : Initializing ExecutorService 'applicationTaskExecutor'
2022-03-27 17:13:29.063  INFO 183254 --- [    Test worker] o.s.b.t.m.w.SpringBootMockServletContext : Initializing Spring TestDispatcherServlet ''
2022-03-27 17:13:29.064  INFO 183254 --- [    Test worker] o.s.t.web.servlet.TestDispatcherServlet  : Initializing Servlet ''
2022-03-27 17:13:29.067  INFO 183254 --- [    Test worker] o.s.t.web.servlet.TestDispatcherServlet  : Completed initialization in 3 ms
2022-03-27 17:13:29.129  INFO 183254 --- [    Test worker] c.g.o.c.OrganisationControllerTest       : Started OrganisationControllerTest in 4.107 seconds (JVM running for 6.124)
]]></system-out>
  <system-err><![CDATA[]]></system-err>
</testsuite>
