<?xml version="1.0" encoding="UTF-8"?>
<testsuite name="com.greencommute.organizationservice.exception.CustomExceptionHandlerTest" tests="2" skipped="0" failures="0" errors="0" timestamp="2022-03-27T11:43:29" hostname="DQNTJM3" time="0.061">
  <properties/>
  <testcase name="HandleException()" classname="com.greencommute.organizationservice.exception.CustomExceptionHandlerTest" time="0.021"/>
  <testcase name="handleImageNotFoundException()" classname="com.greencommute.organizationservice.exception.CustomExceptionHandlerTest" time="0.036"/>
  <system-out><![CDATA[2022-03-27 17:13:29.590  INFO 183254 --- [    Test worker] .b.t.a.w.s.WebMvcTestContextBootstrapper : Neither @ContextConfiguration nor @ContextHierarchy found for test class [com.greencommute.organizationservice.exception.CustomExceptionHandlerTest], using SpringBootContextLoader
2022-03-27 17:13:29.592  INFO 183254 --- [    Test worker] o.s.t.c.support.AbstractContextLoader    : Could not detect default resource locations for test class [com.greencommute.organizationservice.exception.CustomExceptionHandlerTest]: no resource found for suffixes {-context.xml, Context.groovy}.
2022-03-27 17:13:29.593  INFO 183254 --- [    Test worker] t.c.s.AnnotationConfigContextLoaderUtils : Could not detect default configuration classes for test class [com.greencommute.organizationservice.exception.CustomExceptionHandlerTest]: CustomExceptionHandlerTest does not declare any static, non-private, non-final, nested classes annotated with @Configuration.
2022-03-27 17:13:29.612  INFO 183254 --- [    Test worker] .b.t.c.SpringBootTestContextBootstrapper : Found @SpringBootConfiguration com.greencommute.organizationservice.OrganizationServiceApplication for test class com.greencommute.organizationservice.exception.CustomExceptionHandlerTest
2022-03-27 17:13:29.615  INFO 183254 --- [    Test worker] .b.t.a.w.s.WebMvcTestContextBootstrapper : Loaded default TestExecutionListener class names from location [META-INF/spring.factories]: [org.springframework.boot.test.autoconfigure.restdocs.RestDocsTestExecutionListener, org.springframework.boot.test.autoconfigure.web.client.MockRestServiceServerResetTestExecutionListener, org.springframework.boot.test.autoconfigure.web.servlet.MockMvcPrintOnlyOnFailureTestExecutionListener, org.springframework.boot.test.autoconfigure.web.servlet.WebDriverTestExecutionListener, org.springframework.boot.test.autoconfigure.webservices.client.MockWebServiceServerTestExecutionListener, org.springframework.boot.test.mock.mockito.MockitoTestExecutionListener, org.springframework.boot.test.mock.mockito.ResetMocksTestExecutionListener, org.springframework.test.context.web.ServletTestExecutionListener, org.springframework.test.context.support.DirtiesContextBeforeModesTestExecutionListener, org.springframework.test.context.event.ApplicationEventsTestExecutionListener, org.springframework.test.context.support.DependencyInjectionTestExecutionListener, org.springframework.test.context.support.DirtiesContextTestExecutionListener, org.springframework.test.context.transaction.TransactionalTestExecutionListener, org.springframework.test.context.jdbc.SqlScriptsTestExecutionListener, org.springframework.test.context.event.EventPublishingTestExecutionListener]
2022-03-27 17:13:29.616  INFO 183254 --- [    Test worker] .b.t.a.w.s.WebMvcTestContextBootstrapper : Using TestExecutionListeners: [org.springframework.test.context.web.ServletTestExecutionListener@69bc9584, org.springframework.test.context.support.DirtiesContextBeforeModesTestExecutionListener@3214bad, org.springframework.test.context.event.ApplicationEventsTestExecutionListener@52d7ab79, org.springframework.boot.test.mock.mockito.MockitoTestExecutionListener@f95d64d, org.springframework.boot.test.autoconfigure.SpringBootDependencyInjectionTestExecutionListener@288728e, org.springframework.test.context.support.DirtiesContextTestExecutionListener@b7d2d51, org.springframework.test.context.transaction.TransactionalTestExecutionListener@641ed324, org.springframework.test.context.jdbc.SqlScriptsTestExecutionListener@45984654, org.springframework.test.context.event.EventPublishingTestExecutionListener@4c5406b, org.springframework.boot.test.autoconfigure.restdocs.RestDocsTestExecutionListener@66b0e207, org.springframework.boot.test.autoconfigure.web.client.MockRestServiceServerResetTestExecutionListener@74a58a06, org.springframework.boot.test.autoconfigure.web.servlet.MockMvcPrintOnlyOnFailureTestExecutionListener@7308c820, org.springframework.boot.test.autoconfigure.web.servlet.WebDriverTestExecutionListener@5d601832, org.springframework.boot.test.autoconfigure.webservices.client.MockWebServiceServerTestExecutionListener@3ca17943, org.springframework.boot.test.mock.mockito.ResetMocksTestExecutionListener@640c216b]
]]></system-out>
  <system-err><![CDATA[]]></system-err>
</testsuite>
