<?xml version="1.0" encoding="UTF-8"?>
<testsuite name="com.greencommute.jobservice.service.impl.JobPostServiceImplTest" tests="7" skipped="0" failures="0" errors="0" timestamp="2022-03-27T10:01:49" hostname="DQNTJM3" time="0.112">
  <properties/>
  <testcase name="getAllJobPosts()" classname="com.greencommute.jobservice.service.impl.JobPostServiceImplTest" time="0.062"/>
  <testcase name="getJobPostByIdThrowsException()" classname="com.greencommute.jobservice.service.impl.JobPostServiceImplTest" time="0.007"/>
  <testcase name="saveJobTest()" classname="com.greencommute.jobservice.service.impl.JobPostServiceImplTest" time="0.015"/>
  <testcase name="getJobsByCityAndOrgIds()" classname="com.greencommute.jobservice.service.impl.JobPostServiceImplTest" time="0.006"/>
  <testcase name="deleteSavedJobTest()" classname="com.greencommute.jobservice.service.impl.JobPostServiceImplTest" time="0.003"/>
  <testcase name="getSavedJobsTest()" classname="com.greencommute.jobservice.service.impl.JobPostServiceImplTest" time="0.006"/>
  <testcase name="getJobPostById()" classname="com.greencommute.jobservice.service.impl.JobPostServiceImplTest" time="0.005"/>
  <system-out><![CDATA[2022-03-27 15:31:49.233  INFO 151669 --- [    Test worker] o.s.t.c.s.DefaultTestContextBootstrapper : Neither @ContextConfiguration nor @ContextHierarchy found for test class [com.greencommute.jobservice.service.impl.JobPostServiceImplTest], using DelegatingSmartContextLoader
2022-03-27 15:31:49.235  INFO 151669 --- [    Test worker] o.s.t.c.support.AbstractContextLoader    : Could not detect default resource locations for test class [com.greencommute.jobservice.service.impl.JobPostServiceImplTest]: no resource found for suffixes {-context.xml}.
2022-03-27 15:31:49.237  INFO 151669 --- [    Test worker] c.s.AbstractDelegatingSmartContextLoader : AnnotationConfigContextLoader detected default configuration classes for context configuration [ContextConfigurationAttributes@61ab6521 declaringClass = 'com.greencommute.jobservice.service.impl.JobPostServiceImplTest', classes = '{class com.greencommute.jobservice.service.impl.JobPostServiceImplTest$JobPostServiceImplTestContextConfiguration}', locations = '{}', inheritLocations = false, initializers = '{}', inheritInitializers = true, name = [null], contextLoaderClass = 'org.springframework.test.context.ContextLoader'].
2022-03-27 15:31:49.239  INFO 151669 --- [    Test worker] o.s.t.c.s.DefaultTestContextBootstrapper : Loaded default TestExecutionListener class names from location [META-INF/spring.factories]: [org.springframework.boot.test.autoconfigure.restdocs.RestDocsTestExecutionListener, org.springframework.boot.test.autoconfigure.web.client.MockRestServiceServerResetTestExecutionListener, org.springframework.boot.test.autoconfigure.web.servlet.MockMvcPrintOnlyOnFailureTestExecutionListener, org.springframework.boot.test.autoconfigure.web.servlet.WebDriverTestExecutionListener, org.springframework.boot.test.autoconfigure.webservices.client.MockWebServiceServerTestExecutionListener, org.springframework.boot.test.mock.mockito.MockitoTestExecutionListener, org.springframework.boot.test.mock.mockito.ResetMocksTestExecutionListener, org.springframework.test.context.web.ServletTestExecutionListener, org.springframework.test.context.support.DirtiesContextBeforeModesTestExecutionListener, org.springframework.test.context.event.ApplicationEventsTestExecutionListener, org.springframework.test.context.support.DependencyInjectionTestExecutionListener, org.springframework.test.context.support.DirtiesContextTestExecutionListener, org.springframework.test.context.transaction.TransactionalTestExecutionListener, org.springframework.test.context.jdbc.SqlScriptsTestExecutionListener, org.springframework.test.context.event.EventPublishingTestExecutionListener]
2022-03-27 15:31:49.240  INFO 151669 --- [    Test worker] o.s.t.c.s.DefaultTestContextBootstrapper : Using TestExecutionListeners: [org.springframework.test.context.web.ServletTestExecutionListener@12fccff0, org.springframework.test.context.support.DirtiesContextBeforeModesTestExecutionListener@5d767218, org.springframework.test.context.event.ApplicationEventsTestExecutionListener@510da778, org.springframework.boot.test.mock.mockito.MockitoTestExecutionListener@20a1b3ae, org.springframework.test.context.support.DependencyInjectionTestExecutionListener@54567b05, org.springframework.test.context.support.DirtiesContextTestExecutionListener@3a5e2525, org.springframework.test.context.transaction.TransactionalTestExecutionListener@6546371, org.springframework.test.context.jdbc.SqlScriptsTestExecutionListener@2b458cd6, org.springframework.test.context.event.EventPublishingTestExecutionListener@4c2c44e8, org.springframework.boot.test.autoconfigure.restdocs.RestDocsTestExecutionListener@7103745, org.springframework.boot.test.autoconfigure.web.client.MockRestServiceServerResetTestExecutionListener@227a933d, org.springframework.boot.test.autoconfigure.web.servlet.MockMvcPrintOnlyOnFailureTestExecutionListener@25de8898, org.springframework.boot.test.autoconfigure.web.servlet.WebDriverTestExecutionListener@bfb93cf, org.springframework.boot.test.autoconfigure.webservices.client.MockWebServiceServerTestExecutionListener@dd737ea, org.springframework.boot.test.mock.mockito.ResetMocksTestExecutionListener@7bc2ae16]
]]></system-out>
  <system-err><![CDATA[]]></system-err>
</testsuite>
