<?xml version="1.0" encoding="UTF-8"?>
<testsuite name="com.greencommute.jobservice.rest.JobPostControllerTest" tests="6" skipped="0" failures="0" errors="0" timestamp="2022-03-27T10:01:48" hostname="DQNTJM3" time="0.384">
  <properties/>
  <testcase name="saveJobTest()" classname="com.greencommute.jobservice.rest.JobPostControllerTest" time="0.301"/>
  <testcase name="getJobPost()" classname="com.greencommute.jobservice.rest.JobPostControllerTest" time="0.02"/>
  <testcase name="getAllJobs()" classname="com.greencommute.jobservice.rest.JobPostControllerTest" time="0.017"/>
  <testcase name="deleteSavedJobTest()" classname="com.greencommute.jobservice.rest.JobPostControllerTest" time="0.011"/>
  <testcase name="getSavedJobsTest()" classname="com.greencommute.jobservice.rest.JobPostControllerTest" time="0.009"/>
  <testcase name="getAllJobsWithParams()" classname="com.greencommute.jobservice.rest.JobPostControllerTest" time="0.017"/>
  <system-out><![CDATA[15:31:46.007 [Test worker] DEBUG org.springframework.test.context.BootstrapUtils - Instantiating CacheAwareContextLoaderDelegate from class [org.springframework.test.context.cache.DefaultCacheAwareContextLoaderDelegate]
15:31:46.022 [Test worker] DEBUG org.springframework.test.context.BootstrapUtils - Instantiating BootstrapContext using constructor [public org.springframework.test.context.support.DefaultBootstrapContext(java.lang.Class,org.springframework.test.context.CacheAwareContextLoaderDelegate)]
15:31:46.090 [Test worker] DEBUG org.springframework.test.context.BootstrapUtils - Instantiating TestContextBootstrapper for test class [com.greencommute.jobservice.rest.JobPostControllerTest] from class [org.springframework.boot.test.autoconfigure.web.servlet.WebMvcTestContextBootstrapper]
15:31:46.104 [Test worker] INFO org.springframework.boot.test.autoconfigure.web.servlet.WebMvcTestContextBootstrapper - Neither @ContextConfiguration nor @ContextHierarchy found for test class [com.greencommute.jobservice.rest.JobPostControllerTest], using SpringBootContextLoader
15:31:46.112 [Test worker] DEBUG org.springframework.test.context.support.AbstractContextLoader - Did not detect default resource location for test class [com.greencommute.jobservice.rest.JobPostControllerTest]: class path resource [com/greencommute/jobservice/rest/JobPostControllerTest-context.xml] does not exist
15:31:46.113 [Test worker] DEBUG org.springframework.test.context.support.AbstractContextLoader - Did not detect default resource location for test class [com.greencommute.jobservice.rest.JobPostControllerTest]: class path resource [com/greencommute/jobservice/rest/JobPostControllerTestContext.groovy] does not exist
15:31:46.114 [Test worker] INFO org.springframework.test.context.support.AbstractContextLoader - Could not detect default resource locations for test class [com.greencommute.jobservice.rest.JobPostControllerTest]: no resource found for suffixes {-context.xml, Context.groovy}.
15:31:46.115 [Test worker] INFO org.springframework.test.context.support.AnnotationConfigContextLoaderUtils - Could not detect default configuration classes for test class [com.greencommute.jobservice.rest.JobPostControllerTest]: JobPostControllerTest does not declare any static, non-private, non-final, nested classes annotated with @Configuration.
15:31:46.202 [Test worker] DEBUG org.springframework.test.context.support.ActiveProfilesUtils - Could not find an 'annotation declaring class' for annotation type [org.springframework.test.context.ActiveProfiles] and class [com.greencommute.jobservice.rest.JobPostControllerTest]
15:31:46.286 [Test worker] DEBUG org.springframework.context.annotation.ClassPathScanningCandidateComponentProvider - Identified candidate component class: file [/home/praves/new6/devops-bootcamp-jan22/BC16-green-commute/jobsService/build/classes/java/main/com/greencommute/jobservice/JobsServiceApplication.class]
15:31:46.287 [Test worker] INFO org.springframework.boot.test.context.SpringBootTestContextBootstrapper - Found @SpringBootConfiguration com.greencommute.jobservice.JobsServiceApplication for test class com.greencommute.jobservice.rest.JobPostControllerTest
15:31:46.292 [Test worker] DEBUG org.springframework.boot.test.autoconfigure.web.servlet.WebMvcTestContextBootstrapper - @TestExecutionListeners is not present for class [com.greencommute.jobservice.rest.JobPostControllerTest]: using defaults.
15:31:46.293 [Test worker] INFO org.springframework.boot.test.autoconfigure.web.servlet.WebMvcTestContextBootstrapper - Loaded default TestExecutionListener class names from location [META-INF/spring.factories]: [org.springframework.boot.test.autoconfigure.restdocs.RestDocsTestExecutionListener, org.springframework.boot.test.autoconfigure.web.client.MockRestServiceServerResetTestExecutionListener, org.springframework.boot.test.autoconfigure.web.servlet.MockMvcPrintOnlyOnFailureTestExecutionListener, org.springframework.boot.test.autoconfigure.web.servlet.WebDriverTestExecutionListener, org.springframework.boot.test.autoconfigure.webservices.client.MockWebServiceServerTestExecutionListener, org.springframework.boot.test.mock.mockito.MockitoTestExecutionListener, org.springframework.boot.test.mock.mockito.ResetMocksTestExecutionListener, org.springframework.test.context.web.ServletTestExecutionListener, org.springframework.test.context.support.DirtiesContextBeforeModesTestExecutionListener, org.springframework.test.context.event.ApplicationEventsTestExecutionListener, org.springframework.test.context.support.DependencyInjectionTestExecutionListener, org.springframework.test.context.support.DirtiesContextTestExecutionListener, org.springframework.test.context.transaction.TransactionalTestExecutionListener, org.springframework.test.context.jdbc.SqlScriptsTestExecutionListener, org.springframework.test.context.event.EventPublishingTestExecutionListener]
15:31:46.312 [Test worker] INFO org.springframework.boot.test.autoconfigure.web.servlet.WebMvcTestContextBootstrapper - Using TestExecutionListeners: [org.springframework.test.context.web.ServletTestExecutionListener@7fe7c640, org.springframework.test.context.support.DirtiesContextBeforeModesTestExecutionListener@4c4748bf, org.springframework.test.context.event.ApplicationEventsTestExecutionListener@7ce97ee5, org.springframework.boot.test.mock.mockito.MockitoTestExecutionListener@32c8e539, org.springframework.boot.test.autoconfigure.SpringBootDependencyInjectionTestExecutionListener@73dce0e6, org.springframework.test.context.support.DirtiesContextTestExecutionListener@5a85c92, org.springframework.test.context.transaction.TransactionalTestExecutionListener@32811494, org.springframework.test.context.jdbc.SqlScriptsTestExecutionListener@4795ded0, org.springframework.test.context.event.EventPublishingTestExecutionListener@53dacd14, org.springframework.boot.test.autoconfigure.restdocs.RestDocsTestExecutionListener@14d14731, org.springframework.boot.test.autoconfigure.web.client.MockRestServiceServerResetTestExecutionListener@2eced48b, org.springframework.boot.test.autoconfigure.web.servlet.MockMvcPrintOnlyOnFailureTestExecutionListener@47c4ecdc, org.springframework.boot.test.autoconfigure.web.servlet.WebDriverTestExecutionListener@42f33b5d, org.springframework.boot.test.autoconfigure.webservices.client.MockWebServiceServerTestExecutionListener@5c8504fd, org.springframework.boot.test.mock.mockito.ResetMocksTestExecutionListener@4b7e96a]
15:31:46.316 [Test worker] DEBUG org.springframework.test.context.support.AbstractDirtiesContextTestExecutionListener - Before test class: context [DefaultTestContext@463b4ac8 testClass = JobPostControllerTest, testInstance = [null], testMethod = [null], testException = [null], mergedContextConfiguration = [WebMergedContextConfiguration@765f05af testClass = JobPostControllerTest, locations = '{}', classes = '{class com.greencommute.jobservice.JobsServiceApplication}', contextInitializerClasses = '[]', activeProfiles = '{}', propertySourceLocations = '{}', propertySourceProperties = '{org.springframework.boot.test.autoconfigure.web.servlet.WebMvcTestContextBootstrapper=true}', contextCustomizers = set[org.springframework.boot.test.autoconfigure.OverrideAutoConfigurationContextCustomizerFactory$DisableAutoConfigurationContextCustomizer@7ae42ce3, org.springframework.boot.test.autoconfigure.actuate.metrics.MetricsExportContextCustomizerFactory$DisableMetricExportContextCustomizer@602e0143, org.springframework.boot.test.autoconfigure.filter.TypeExcludeFiltersContextCustomizer@f7368cc2, org.springframework.boot.test.autoconfigure.properties.PropertyMappingContextCustomizer@d762ad92, org.springframework.boot.test.autoconfigure.web.servlet.WebDriverContextCustomizerFactory$Customizer@2e1ef60, [ImportsContextCustomizer@62f68dff key = [org.springframework.boot.autoconfigure.cache.CacheAutoConfiguration, org.springframework.boot.autoconfigure.context.MessageSourceAutoConfiguration, org.springframework.boot.autoconfigure.data.web.SpringDataWebAutoConfiguration, org.springframework.boot.autoconfigure.freemarker.FreeMarkerAutoConfiguration, org.springframework.boot.autoconfigure.groovy.template.GroovyTemplateAutoConfiguration, org.springframework.boot.autoconfigure.gson.GsonAutoConfiguration, org.springframework.boot.autoconfigure.hateoas.HypermediaAutoConfiguration, org.springframework.boot.autoconfigure.http.HttpMessageConvertersAutoConfiguration, org.springframework.boot.autoconfigure.jackson.JacksonAutoConfiguration, org.springframework.boot.autoconfigure.jsonb.JsonbAutoConfiguration, org.springframework.boot.autoconfigure.mustache.MustacheAutoConfiguration, org.springframework.boot.autoconfigure.task.TaskExecutionAutoConfiguration, org.springframework.boot.autoconfigure.thymeleaf.ThymeleafAutoConfiguration, org.springframework.boot.autoconfigure.validation.ValidationAutoConfiguration, org.springframework.boot.autoconfigure.web.servlet.error.ErrorMvcAutoConfiguration, org.springframework.boot.autoconfigure.web.servlet.HttpEncodingAutoConfiguration, org.springframework.boot.autoconfigure.web.servlet.WebMvcAutoConfiguration, org.springframework.boot.test.autoconfigure.web.servlet.MockMvcAutoConfiguration, org.springframework.boot.test.autoconfigure.web.servlet.MockMvcWebClientAutoConfiguration, org.springframework.boot.test.autoconfigure.web.servlet.MockMvcWebDriverAutoConfiguration, org.springframework.boot.autoconfigure.security.oauth2.client.servlet.OAuth2ClientAutoConfiguration, org.springframework.boot.autoconfigure.security.oauth2.resource.servlet.OAuth2ResourceServerAutoConfiguration, org.springframework.boot.autoconfigure.security.servlet.SecurityAutoConfiguration, org.springframework.boot.autoconfigure.security.servlet.SecurityFilterAutoConfiguration, org.springframework.boot.autoconfigure.security.servlet.UserDetailsServiceAutoConfiguration, org.springframework.boot.test.autoconfigure.web.servlet.MockMvcSecurityConfiguration]], org.springframework.boot.test.context.filter.ExcludeFilterContextCustomizer@53dbe163, org.springframework.boot.test.json.DuplicateJsonObjectContextCustomizerFactory$DuplicateJsonObjectContextCustomizer@4748a0f9, org.springframework.boot.test.mock.mockito.MockitoContextCustomizer@5c58743a, org.springframework.boot.test.context.SpringBootTestArgs@1, org.springframework.boot.test.context.SpringBootTestWebEnvironment@0], resourceBasePath = 'src/main/webapp', contextLoader = 'org.springframework.boot.test.context.SpringBootContextLoader', parent = [null]], attributes = map[[empty]]], class annotated with @DirtiesContext [false] with mode [null].
15:31:46.368 [Test worker] DEBUG org.springframework.test.context.support.TestPropertySourceUtils - Adding inlined properties to environment: {spring.jmx.enabled=false, org.springframework.boot.test.autoconfigure.web.servlet.WebMvcTestContextBootstrapper=true}

  .   ____          _            __ _ _
 /\\ / ___'_ __ _ _(_)_ __  __ _ \ \ \ \
( ( )\___ | '_ | '_| | '_ \/ _` | \ \ \ \
 \\/  ___)| |_)| | | | | || (_| |  ) ) ) )
  '  |____| .__|_| |_|_| |_\__, | / / / /
 =========|_|==============|___/=/_/_/_/
 :: Spring Boot ::                (v2.4.2)

2022-03-27 15:31:46.845  INFO 151669 --- [    Test worker] c.g.j.rest.JobPostControllerTest         : Starting JobPostControllerTest using Java 11.0.14 on DQNTJM3 with PID 151669 (started by praves in /home/praves/new6/devops-bootcamp-jan22/BC16-green-commute/jobsService)
2022-03-27 15:31:46.850  INFO 151669 --- [    Test worker] c.g.j.rest.JobPostControllerTest         : No active profile set, falling back to default profiles: default
2022-03-27 15:31:48.467  INFO 151669 --- [    Test worker] o.s.s.concurrent.ThreadPoolTaskExecutor  : Initializing ExecutorService 'applicationTaskExecutor'
2022-03-27 15:31:48.788  INFO 151669 --- [    Test worker] o.s.b.t.m.w.SpringBootMockServletContext : Initializing Spring TestDispatcherServlet ''
2022-03-27 15:31:48.788  INFO 151669 --- [    Test worker] o.s.t.web.servlet.TestDispatcherServlet  : Initializing Servlet ''
2022-03-27 15:31:48.790  INFO 151669 --- [    Test worker] o.s.t.web.servlet.TestDispatcherServlet  : Completed initialization in 2 ms
2022-03-27 15:31:48.820  INFO 151669 --- [    Test worker] c.g.j.rest.JobPostControllerTest         : Started JobPostControllerTest in 2.442 seconds (JVM running for 3.842)
]]></system-out>
  <system-err><![CDATA[]]></system-err>
</testsuite>
